\BOOKMARK [1][-]{section.1}{Model}{}% 1
\BOOKMARK [2][-]{subsection.1.1}{Households}{section.1}% 2
\BOOKMARK [2][-]{subsection.1.2}{Final good firms}{section.1}% 3
\BOOKMARK [2][-]{subsection.1.3}{Retailers}{section.1}% 4
\BOOKMARK [2][-]{subsection.1.4}{Intermediate good firms and the labor market}{section.1}% 5
\BOOKMARK [2][-]{subsection.1.5}{Job creation and job destruction}{section.1}% 6
\BOOKMARK [2][-]{subsection.1.6}{Fiscal and monetary policy}{section.1}% 7
\BOOKMARK [2][-]{subsection.1.7}{Aggregate values and the equilibrium}{section.1}% 8
\BOOKMARK [1][-]{section.2}{Calibration and estimation procedure}{}% 9
\BOOKMARK [2][-]{subsection.2.1}{Calibration}{section.2}% 10
\BOOKMARK [2][-]{subsection.2.2}{Estimation}{section.2}% 11
\BOOKMARK [1][-]{appendix.A}{Proofs}{}% 12
\BOOKMARK [1][-]{appendix.B}{Detailed Calculations}{}% 13
\BOOKMARK [2][-]{subsection.B.1}{Nash-bargaining joint surpluses}{appendix.B}% 14
\BOOKMARK [2][-]{subsection.B.2}{Steady-state equations}{appendix.B}% 15
\BOOKMARK [2][-]{subsection.B.3}{Log-linearization}{appendix.B}% 16
\BOOKMARK [1][-]{appendix.C}{Estimation}{}% 17
\BOOKMARK [2][-]{subsection.C.1}{Calibration}{appendix.C}% 18
\BOOKMARK [2][-]{subsection.C.2}{Data}{appendix.C}% 19
\BOOKMARK [2][-]{subsection.C.3}{Additional Graphs}{appendix.C}% 20
\BOOKMARK [1][-]{appendix.D}{Robustness checks}{}% 21
\BOOKMARK [1][-]{appendix.E}{Classic Model}{}% 22
\BOOKMARK [2][-]{subsection.E.1}{Equilibrium equations}{appendix.E}% 23
\BOOKMARK [2][-]{subsection.E.2}{Log-linearization}{appendix.E}% 24
\BOOKMARK [2][-]{subsection.E.3}{Estimation}{appendix.E}% 25
